2026-01-01 20:32:45 Loading main app package /usr/lib/obsidian/obsidian.asar
2026-01-01 20:32:45 Checking for update using Github
2026-01-01 20:32:46 Success.
2026-01-01 20:32:46 Latest version is 1.10.6
2026-01-01 20:32:46 App is up to date.
2026-01-01 20:32:57 Loading main app package /usr/lib/obsidian/obsidian.asar
2026-01-01 20:32:57 Checking for update using Github
2026-01-01 20:32:57 Success.
2026-01-01 20:32:57 Latest version is 1.10.6
2026-01-01 20:32:57 App is up to date.
2026-01-01 20:50:58 Loading main app package /usr/lib/obsidian/obsidian.asar
2026-01-01 20:50:58 Checking for update using Github
2026-01-01 20:50:59 Success.
2026-01-01 20:50:59 Latest version is 1.10.6
2026-01-01 20:50:59 App is up to date.
2026-01-01 21:10:51 Loading main app package /usr/lib/obsidian/obsidian.asar
2026-01-01 21:10:52 Checking for update using Github
2026-01-01 21:10:52 Success.
2026-01-01 21:10:52 Latest version is 1.10.6
2026-01-01 21:10:52 App is up to date.
2026-01-01 21:12:22 Loading main app package /usr/lib/obsidian/obsidian.asar
2026-01-01 21:12:23 Checking for update using Github
2026-01-01 21:12:23 Success.
2026-01-01 21:12:23 Latest version is 1.10.6
2026-01-01 21:12:23 App is up to date.
2026-01-01 23:55:03 Loading main app package /usr/lib/obsidian/obsidian.asar
2026-01-01 23:55:03 Checking for update using Github
2026-01-01 23:55:04 Success.
2026-01-01 23:55:04 Latest version is 1.10.6
2026-01-01 23:55:04 App is up to date.
2026-01-02 00:55:03 Checking for update using Github
2026-01-02 00:55:03 Success.
2026-01-02 00:55:03 Latest version is 1.10.6
2026-01-02 00:55:03 App is up to date.
2026-01-02 02:08:32 Checking for update using Github
2026-01-02 02:08:32 Success.
2026-01-02 02:08:32 Latest version is 1.10.6
2026-01-02 02:08:32 App is up to date.
2026-01-02 10:53:32 Loading main app package /usr/lib/obsidian/obsidian.asar
2026-01-02 10:53:33 Checking for update using Github
2026-01-02 10:53:33 Success.
2026-01-02 10:53:33 Latest version is 1.10.6
2026-01-02 10:53:33 App is up to date.
2026-01-02 14:53:05 Checking for update using Github
2026-01-02 14:53:05 Success.
2026-01-02 14:53:05 Latest version is 1.10.6
2026-01-02 14:53:05 App is up to date.
2026-01-02 15:53:06 Checking for update using Github
2026-01-02 15:53:06 Success.
2026-01-02 15:53:06 Latest version is 1.10.6
2026-01-02 15:53:06 App is up to date.
2026-01-02 16:53:06 Checking for update using Github
2026-01-02 16:53:29 Success.
2026-01-02 16:53:29 Latest version is 1.10.6
2026-01-02 16:53:29 App is up to date.
2026-01-02 17:53:06 Checking for update using Github
2026-01-02 17:53:06 Success.
2026-01-02 17:53:06 Latest version is 1.10.6
2026-01-02 17:53:06 App is up to date.
2026-01-02 19:58:37 Checking for update using Github
2026-01-02 19:58:39 Success.
2026-01-02 19:58:39 Latest version is 1.10.6
2026-01-02 19:58:39 App is up to date.
2026-01-02 22:14:55 Checking for update using Github
2026-01-02 22:14:56 Success.
2026-01-02 22:14:56 Latest version is 1.10.6
2026-01-02 22:14:56 App is up to date.
2026-01-02 23:14:55 Checking for update using Github
2026-01-02 23:15:26 Failed to check for update using Github (net::ERR_TIMED_OUT)
2026-01-02 23:15:26 Checking for update using obsidian.md
2026-01-02 23:15:26 Failed to check for update using obsidian.md (Unexpected end of JSON input)
2026-01-03 00:14:55 Checking for update using Github
2026-01-03 00:14:56 Success.
2026-01-03 00:14:56 Latest version is 1.10.6
2026-01-03 00:14:56 App is up to date.
2026-01-03 01:53:56 Loading main app package /usr/lib/obsidian/obsidian.asar
2026-01-03 01:53:56 Checking for update using Github
2026-01-03 01:53:57 Success.
2026-01-03 01:53:57 Latest version is 1.10.6
2026-01-03 01:53:57 App is up to date.
2026-01-03 12:55:20 Loading main app package /usr/lib/obsidian/obsidian.asar
2026-01-03 12:55:20 Checking for update using Github
2026-01-03 12:55:20 Success.
2026-01-03 12:55:20 Latest version is 1.10.6
2026-01-03 12:55:20 App is up to date.
2026-01-03 14:21:08 Loading main app package /usr/lib/obsidian/obsidian.asar
2026-01-03 14:21:08 Checking for update using Github
2026-01-03 14:21:08 Success.
2026-01-03 14:21:08 Latest version is 1.10.6
2026-01-03 14:21:08 App is up to date.
2026-01-03 18:32:23 Checking for update using Github
2026-01-03 18:32:23 Success.
2026-01-03 18:32:23 Latest version is 1.10.6
2026-01-03 18:32:23 App is up to date.
2026-01-03 20:21:17 Checking for update using Github
2026-01-03 20:21:17 Success.
2026-01-03 20:21:17 Latest version is 1.10.6
2026-01-03 20:21:17 App is up to date.
2026-01-03 22:27:11 Checking for update using Github
2026-01-03 22:27:12 Success.
2026-01-03 22:27:12 Latest version is 1.10.6
2026-01-03 22:27:12 App is up to date.
2026-01-03 23:27:15 Checking for update using Github
2026-01-03 23:27:15 Success.
2026-01-03 23:27:15 Latest version is 1.10.6
2026-01-03 23:27:15 App is up to date.
2026-01-04 00:27:15 Checking for update using Github
2026-01-04 00:27:15 Success.
2026-01-04 00:27:15 Latest version is 1.10.6
2026-01-04 00:27:15 App is up to date.
2026-01-04 01:27:15 Checking for update using Github
2026-01-04 01:27:15 Success.
2026-01-04 01:27:15 Latest version is 1.10.6
2026-01-04 01:27:15 App is up to date.
2026-01-04 02:27:15 Checking for update using Github
2026-01-04 02:27:32 Success.
2026-01-04 02:27:32 Latest version is 1.10.6
2026-01-04 02:27:32 App is up to date.
2026-01-04 03:27:15 Checking for update using Github
2026-01-04 03:27:15 Success.
2026-01-04 03:27:15 Latest version is 1.10.6
2026-01-04 03:27:15 App is up to date.
2026-01-04 03:50:43 Loading main app package /usr/lib/obsidian/obsidian.asar
2026-01-04 03:50:44 Checking for update using Github
2026-01-04 03:50:44 Success.
2026-01-04 03:50:44 Latest version is 1.10.6
2026-01-04 03:50:44 App is up to date.
2026-01-04 04:48:07 Loading main app package /usr/lib/obsidian/obsidian.asar
2026-01-04 04:48:07 Checking for update using Github
2026-01-04 04:48:07 Success.
2026-01-04 04:48:07 Latest version is 1.10.6
2026-01-04 04:48:07 App is up to date.
2026-01-04 13:41:03 Loading main app package /usr/lib/obsidian/obsidian.asar
2026-01-04 13:41:04 Checking for update using Github
2026-01-04 13:41:04 Success.
2026-01-04 13:41:04 Latest version is 1.10.6
2026-01-04 13:41:04 App is up to date.
2026-01-04 14:41:04 Checking for update using Github
2026-01-04 14:41:05 Success.
2026-01-04 14:41:05 Latest version is 1.10.6
2026-01-04 14:41:05 App is up to date.
2026-01-04 15:45:15 Checking for update using Github
2026-01-04 15:45:20 Success.
2026-01-04 15:45:20 Latest version is 1.10.6
2026-01-04 15:45:20 App is up to date.
2026-01-04 21:40:40 Loading main app package /usr/lib/obsidian/obsidian.asar
2026-01-04 21:40:41 Checking for update using Github
2026-01-04 21:40:50 Success.
2026-01-04 21:40:50 Latest version is 1.10.6
2026-01-04 21:40:50 App is up to date.
2026-01-04 22:40:40 Checking for update using Github
2026-01-04 22:40:40 Success.
2026-01-04 22:40:40 Latest version is 1.10.6
2026-01-04 22:40:40 App is up to date.
2026-01-04 23:40:40 Checking for update using Github
2026-01-04 23:41:06 Success.
2026-01-04 23:41:06 Latest version is 1.10.6
2026-01-04 23:41:06 App is up to date.
2026-01-05 00:40:40 Checking for update using Github
2026-01-05 00:40:40 Success.
2026-01-05 00:40:40 Latest version is 1.10.6
2026-01-05 00:40:40 App is up to date.
2026-01-05 01:40:40 Checking for update using Github
2026-01-05 01:41:10 Failed to check for update using Github (net::ERR_TIMED_OUT)
2026-01-05 01:41:10 Checking for update using obsidian.md
2026-01-05 01:41:11 Failed to check for update using obsidian.md (Unexpected end of JSON input)
2026-01-05 17:24:48 Loading main app package /usr/lib/obsidian/obsidian.asar
2026-01-05 17:24:49 Checking for update using Github
2026-01-05 17:25:19 Failed to check for update using Github (net::ERR_TIMED_OUT)
2026-01-05 17:25:19 Checking for update using obsidian.md
2026-01-05 17:25:19 Failed to check for update using obsidian.md (Unexpected end of JSON input)
2026-01-05 18:24:48 Checking for update using Github
2026-01-05 18:24:48 Success.
2026-01-05 18:24:48 Latest version is 1.10.6
2026-01-05 18:24:48 App is up to date.
2026-01-05 20:55:39 Loading main app package /usr/lib/obsidian/obsidian.asar
2026-01-05 20:55:40 Checking for update using Github
2026-01-05 20:55:40 Loading main app package /usr/lib/obsidian/obsidian.asar
2026-01-05 20:55:40 Checking for update using Github
2026-01-05 20:55:40 Success.
2026-01-05 20:55:40 Latest version is 1.10.6
2026-01-05 20:55:40 App is up to date.
2026-01-05 22:20:46 Checking for update using Github
2026-01-05 22:21:16 Failed to check for update using Github (net::ERR_TIMED_OUT)
2026-01-05 22:21:16 Checking for update using obsidian.md
2026-01-05 22:21:16 Failed to check for update using obsidian.md (Unexpected end of JSON input)
2026-01-05 23:20:46 Checking for update using Github
2026-01-05 23:21:16 Failed to check for update using Github (net::ERR_TIMED_OUT)
2026-01-05 23:21:16 Checking for update using obsidian.md
2026-01-05 23:21:16 Failed to check for update using obsidian.md (Unexpected end of JSON input)
2026-01-06 00:20:46 Checking for update using Github
2026-01-06 00:21:16 Failed to check for update using Github (net::ERR_TIMED_OUT)
2026-01-06 00:21:16 Checking for update using obsidian.md
2026-01-06 00:21:47 Failed to check for update using obsidian.md (Unexpected end of JSON input)
2026-01-06 01:20:46 Checking for update using Github
2026-01-06 01:21:16 Failed to check for update using Github (net::ERR_TIMED_OUT)
2026-01-06 01:21:16 Checking for update using obsidian.md
2026-01-06 01:21:16 Failed to check for update using obsidian.md (Unexpected end of JSON input)
2026-01-06 16:43:22 Loading main app package /usr/lib/obsidian/obsidian.asar
2026-01-06 16:43:23 Checking for update using Github
2026-01-06 16:43:23 Success.
2026-01-06 16:43:23 Latest version is 1.10.6
2026-01-06 16:43:23 App is up to date.
2026-01-06 17:46:51 Checking for update using Github
2026-01-06 17:46:51 Success.
2026-01-06 17:46:51 Latest version is 1.10.6
2026-01-06 17:46:51 App is up to date.
2026-01-06 23:17:37 Checking for update using Github
2026-01-06 23:17:37 Success.
2026-01-06 23:17:37 Latest version is 1.10.6
2026-01-06 23:17:37 App is up to date.
2026-01-07 00:38:01 Checking for update using Github
2026-01-07 00:38:01 Success.
2026-01-07 00:38:01 Latest version is 1.10.6
2026-01-07 00:38:01 App is up to date.
2026-01-07 01:38:01 Checking for update using Github
2026-01-07 01:38:05 Success.
2026-01-07 01:38:05 Latest version is 1.10.6
2026-01-07 01:38:05 App is up to date.
2026-01-07 02:38:01 Checking for update using Github
2026-01-07 02:38:01 Success.
2026-01-07 02:38:01 Latest version is 1.10.6
2026-01-07 02:38:01 App is up to date.
2026-01-07 03:38:01 Checking for update using Github
2026-01-07 03:38:01 Success.
2026-01-07 03:38:01 Latest version is 1.10.6
2026-01-07 03:38:01 App is up to date.
2026-01-07 04:38:01 Checking for update using Github
2026-01-07 04:38:31 Failed to check for update using Github (net::ERR_TIMED_OUT)
2026-01-07 04:38:31 Checking for update using obsidian.md
2026-01-07 04:38:32 Failed to check for update using obsidian.md (Unexpected end of JSON input)
2026-01-07 05:38:01 Checking for update using Github
2026-01-07 05:38:31 Failed to check for update using Github (net::ERR_TIMED_OUT)
2026-01-07 05:38:31 Checking for update using obsidian.md
2026-01-07 05:38:32 Failed to check for update using obsidian.md (Unexpected end of JSON input)
2026-01-07 15:58:53 Loading main app package /usr/lib/obsidian/obsidian.asar
2026-01-07 15:58:54 Checking for update using Github
2026-01-07 15:59:24 Failed to check for update using Github (net::ERR_TIMED_OUT)
2026-01-07 15:59:24 Checking for update using obsidian.md
2026-01-07 15:59:24 Failed to check for update using obsidian.md (Unexpected end of JSON input)
2026-01-07 16:58:53 Checking for update using Github
2026-01-07 16:58:54 Success.
2026-01-07 16:58:54 Latest version is 1.10.6
2026-01-07 16:58:54 App is up to date.
2026-01-07 18:44:49 Loading main app package /usr/lib/obsidian/obsidian.asar
2026-01-07 18:44:49 Loading main app package /usr/lib/obsidian/obsidian.asar
2026-01-07 18:44:49 Checking for update using Github
2026-01-07 18:44:49 Checking for update using Github
2026-01-07 18:45:14 Success.
2026-01-07 18:45:14 Latest version is 1.10.6
2026-01-07 18:45:14 App is up to date.
2026-01-07 19:44:49 Checking for update using Github
2026-01-07 19:45:02 Success.
2026-01-07 19:45:02 Latest version is 1.10.6
2026-01-07 19:45:02 App is up to date.
2026-01-07 21:05:42 Checking for update using Github
2026-01-07 21:05:56 Failed to check for update using Github (net::ERR_NAME_NOT_RESOLVED)
2026-01-07 21:05:56 Checking for update using obsidian.md
2026-01-07 21:05:56 Failed to check for update using obsidian.md (net::ERR_INTERNET_DISCONNECTED)
2026-01-07 22:05:42 Checking for update using Github
2026-01-07 22:05:43 Success.
2026-01-07 22:05:43 Latest version is 1.10.6
2026-01-07 22:05:43 App is up to date.
2026-01-07 23:08:14 Checking for update using Github
2026-01-07 23:08:14 Success.
2026-01-07 23:08:14 Latest version is 1.10.6
2026-01-07 23:08:14 App is up to date.
2026-01-08 00:08:14 Checking for update using Github
2026-01-08 00:08:14 Success.
2026-01-08 00:08:14 Latest version is 1.10.6
2026-01-08 00:08:14 App is up to date.
2026-01-08 01:08:14 Checking for update using Github
2026-01-08 01:08:14 Success.
2026-01-08 01:08:14 Latest version is 1.10.6
2026-01-08 01:08:14 App is up to date.
2026-01-08 02:08:14 Checking for update using Github
2026-01-08 02:08:14 Success.
2026-01-08 02:08:14 Latest version is 1.10.6
2026-01-08 02:08:14 App is up to date.
2026-01-08 03:08:14 Checking for update using Github
2026-01-08 03:08:14 Success.
2026-01-08 03:08:14 Latest version is 1.10.6
2026-01-08 03:08:14 App is up to date.
2026-01-08 04:08:14 Checking for update using Github
2026-01-08 04:08:24 Success.
2026-01-08 04:08:24 Latest version is 1.10.6
2026-01-08 04:08:24 App is up to date.
2026-01-08 16:58:39 Checking for update using Github
2026-01-08 16:58:52 Success.
2026-01-08 16:58:52 Latest version is 1.10.6
2026-01-08 16:58:52 App is up to date.
2026-01-08 17:58:39 Checking for update using Github
2026-01-08 17:59:09 Failed to check for update using Github (net::ERR_TIMED_OUT)
2026-01-08 17:59:09 Checking for update using obsidian.md
2026-01-08 17:59:09 Failed to check for update using obsidian.md (Unexpected end of JSON input)
2026-01-08 18:58:39 Checking for update using Github
2026-01-08 18:59:09 Failed to check for update using Github (net::ERR_TIMED_OUT)
2026-01-08 18:59:09 Checking for update using obsidian.md
2026-01-08 18:59:09 Failed to check for update using obsidian.md (Unexpected end of JSON input)
2026-01-08 19:58:39 Checking for update using Github
2026-01-08 19:58:54 Success.
2026-01-08 19:58:54 Latest version is 1.10.6
2026-01-08 19:58:54 App is up to date.
2026-01-08 20:58:39 Checking for update using Github
2026-01-08 20:58:39 Success.
2026-01-08 20:58:39 Latest version is 1.10.6
2026-01-08 20:58:39 App is up to date.
2026-01-08 22:07:45 Checking for update using Github
2026-01-08 22:08:18 Success.
2026-01-08 22:08:18 Latest version is 1.10.6
2026-01-08 22:08:18 App is up to date.
2026-01-08 23:07:46 Checking for update using Github
2026-01-08 23:07:46 Success.
2026-01-08 23:07:46 Latest version is 1.10.6
2026-01-08 23:07:46 App is up to date.
2026-01-09 00:14:40 Checking for update using Github
2026-01-09 00:14:40 Success.
2026-01-09 00:14:40 Latest version is 1.10.6
2026-01-09 00:14:40 App is up to date.
2026-01-09 01:14:41 Checking for update using Github
2026-01-09 01:14:42 Success.
2026-01-09 01:14:42 Latest version is 1.10.6
2026-01-09 01:14:42 App is up to date.
2026-01-09 02:14:41 Checking for update using Github
2026-01-09 02:14:42 Success.
2026-01-09 02:14:42 Latest version is 1.10.6
2026-01-09 02:14:42 App is up to date.
2026-01-09 03:14:41 Checking for update using Github
2026-01-09 03:14:42 Success.
2026-01-09 03:14:42 Latest version is 1.10.6
2026-01-09 03:14:42 App is up to date.
